[0907/182806:ERROR:process_info.cc(608)] range at 0xfbf2371000000000, size 0x70 fully unreadable
[0907/182806:ERROR:process_info.cc(608)] range at 0xfbf2377600000000, size 0x70 fully unreadable
[0907/182806:ERROR:process_info.cc(608)] range at 0x0, size 0x70 fully unreadable
[0907/182806:WARNING:in_range_cast.h(38)] value 485263284238 out of range
[0907/182806:WARNING:in_range_cast.h(38)] value 485263281572 out of range
[0907/182806:WARNING:in_range_cast.h(38)] value 485263284306 out of range
[0907/183130:ERROR:process_info.cc(608)] range at 0xaa3d387400000000, size 0xc9 fully unreadable
[0907/183130:ERROR:process_info.cc(608)] range at 0xaa3d38da00000000, size 0xc9 fully unreadable
[0907/183130:ERROR:process_info.cc(608)] range at 0x0, size 0xc9 fully unreadable
[0907/183130:WARNING:in_range_cast.h(38)] value 866144557072 out of range
[0907/183130:WARNING:in_range_cast.h(38)] value 866144554406 out of range
[0907/183130:WARNING:in_range_cast.h(38)] value 866144557140 out of range
[0907/190448:ERROR:process_info.cc(608)] range at 0x2f84373000000000, size 0x3a fully unreadable
[0907/190448:ERROR:process_info.cc(608)] range at 0x2f84379200000000, size 0x3a fully unreadable
[0907/190448:ERROR:process_info.cc(608)] range at 0x0, size 0x3a fully unreadable
[0907/190448:WARNING:in_range_cast.h(38)] value 249905444318 out of range
[0907/190448:WARNING:in_range_cast.h(38)] value 249905441652 out of range
[0907/190448:WARNING:in_range_cast.h(38)] value 249905444386 out of range
[0907/190947:ERROR:process_info.cc(608)] range at 0x8d48374c00000000, size 0x62 fully unreadable
[0907/190947:ERROR:process_info.cc(608)] range at 0x8d4837ae00000000, size 0x62 fully unreadable
[0907/190947:ERROR:process_info.cc(608)] range at 0x0, size 0x62 fully unreadable
[0907/190947:WARNING:in_range_cast.h(38)] value 423277107214 out of range
[0907/190947:WARNING:in_range_cast.h(38)] value 423277104548 out of range
[0907/190947:WARNING:in_range_cast.h(38)] value 423277107282 out of range
[0907/195412:ERROR:process_info.cc(608)] range at 0xd884371e00000000, size 0xb1 fully unreadable
[0907/195412:ERROR:process_info.cc(608)] range at 0xd884378000000000, size 0xb1 fully unreadable
[0907/195412:ERROR:process_info.cc(608)] range at 0x0, size 0xb1 fully unreadable
[0907/195412:WARNING:in_range_cast.h(38)] value 763841746956 out of range
[0907/195412:WARNING:in_range_cast.h(38)] value 763841744290 out of range
[0907/195412:WARNING:in_range_cast.h(38)] value 763841747024 out of range
[0907/204222:ERROR:process_info.cc(608)] range at 0x1109371e00000000, size 0xd6 fully unreadable
[0907/204222:ERROR:process_info.cc(608)] range at 0x1109377e00000000, size 0xd6 fully unreadable
[0907/204222:ERROR:process_info.cc(608)] range at 0x0, size 0xd6 fully unreadable
[0907/204222:WARNING:in_range_cast.h(38)] value 919408809998 out of range
[0907/204222:WARNING:in_range_cast.h(38)] value 919408807332 out of range
[0907/204222:WARNING:in_range_cast.h(38)] value 919408810066 out of range
[0907/204226:ERROR:process_info.cc(608)] range at 0x625635ae00000000, size 0x15 fully unreadable
[0907/204226:ERROR:process_info.cc(608)] range at 0x625635ce00000000, size 0x15 fully unreadable
[0907/204226:ERROR:process_info.cc(608)] range at 0x0, size 0x15 fully unreadable
[0907/204226:WARNING:in_range_cast.h(38)] value 91844122638 out of range
[0907/204226:WARNING:in_range_cast.h(38)] value 91844119972 out of range
[0907/204226:WARNING:in_range_cast.h(38)] value 91844122706 out of range
[0907/204226:WARNING:in_range_cast.h(38)] value 91844973008 out of range
[0907/205115:ERROR:process_info.cc(608)] range at 0xc35e371800000000, size 0x68 fully unreadable
[0907/205115:ERROR:process_info.cc(608)] range at 0xc35e377600000000, size 0x68 fully unreadable
[0907/205115:ERROR:process_info.cc(608)] range at 0x0, size 0x68 fully unreadable
[0907/205115:WARNING:in_range_cast.h(38)] value 449954322446 out of range
[0907/205115:WARNING:in_range_cast.h(38)] value 449954319780 out of range
[0907/205115:WARNING:in_range_cast.h(38)] value 449954322514 out of range
[0907/210849:ERROR:process_info.cc(608)] range at 0x996237d400000000, size 0xa6 fully unreadable
[0907/210849:ERROR:process_info.cc(608)] range at 0x9962383600000000, size 0xa6 fully unreadable
[0907/210849:ERROR:process_info.cc(608)] range at 0x0, size 0xa6 fully unreadable
[0907/210849:WARNING:in_range_cast.h(38)] value 715537913870 out of range
[0907/210849:WARNING:in_range_cast.h(38)] value 715537911204 out of range
[0907/210849:WARNING:in_range_cast.h(38)] value 715537913938 out of range
[0907/211256:ERROR:process_info.cc(608)] range at 0x63eb371e00000000, size 0xa0 fully unreadable
[0907/211256:ERROR:process_info.cc(608)] range at 0x63eb378000000000, size 0xa0 fully unreadable
[0907/211256:ERROR:process_info.cc(608)] range at 0x0, size 0xa0 fully unreadable
[0907/211257:WARNING:in_range_cast.h(38)] value 688871118862 out of range
[0907/211257:WARNING:in_range_cast.h(38)] value 688871116196 out of range
[0907/211257:WARNING:in_range_cast.h(38)] value 688871118930 out of range
[0907/211300:ERROR:process_info.cc(608)] range at 0xcccc371800000000, size 0x95 fully unreadable
[0907/211300:ERROR:process_info.cc(608)] range at 0xcccc377a00000000, size 0x95 fully unreadable
[0907/211300:ERROR:process_info.cc(608)] range at 0x0, size 0x95 fully unreadable
[0907/211301:WARNING:in_range_cast.h(38)] value 643386054670 out of range
[0907/211301:WARNING:in_range_cast.h(38)] value 643386052004 out of range
[0907/211301:WARNING:in_range_cast.h(38)] value 643386054738 out of range
[0907/211335:ERROR:process_info.cc(608)] range at 0xc253371e00000000, size 0xda fully unreadable
[0907/211335:ERROR:process_info.cc(608)] range at 0xc253378000000000, size 0xda fully unreadable
[0907/211335:ERROR:process_info.cc(608)] range at 0x0, size 0xda fully unreadable
[0907/211336:WARNING:in_range_cast.h(38)] value 939563096078 out of range
[0907/211336:WARNING:in_range_cast.h(38)] value 939563093412 out of range
[0907/211336:WARNING:in_range_cast.h(38)] value 939563096146 out of range
[0910/200413:ERROR:process_info.cc(608)] range at 0x589f386000000000, size 0xf8 fully unreadable
[0910/200413:ERROR:process_info.cc(608)] range at 0x589f38c000000000, size 0xf8 fully unreadable
[0910/200413:ERROR:process_info.cc(608)] range at 0x0, size 0xf8 fully unreadable
[0910/200413:WARNING:in_range_cast.h(38)] value 1066638710800 out of range
[0910/200413:WARNING:in_range_cast.h(38)] value 1066638708134 out of range
[0910/200413:WARNING:in_range_cast.h(38)] value 1066638710868 out of range
[0910/204532:ERROR:process_info.cc(608)] range at 0xc7ec386400000000, size 0x10 fully unreadable
[0910/204532:ERROR:process_info.cc(608)] range at 0xc7ec38c400000000, size 0x10 fully unreadable
[0910/204532:ERROR:process_info.cc(608)] range at 0x0, size 0x10 fully unreadable
[0910/204532:WARNING:in_range_cast.h(38)] value 72073615376 out of range
[0910/204532:WARNING:in_range_cast.h(38)] value 72073612710 out of range
[0910/204532:WARNING:in_range_cast.h(38)] value 72073615444 out of range
[0910/224327:ERROR:process_info.cc(608)] range at 0x2d6c378e00000000, size 0x39 fully unreadable
[0910/224327:ERROR:process_info.cc(608)] range at 0x2d6c37ee00000000, size 0x39 fully unreadable
[0910/224327:ERROR:process_info.cc(608)] range at 0x0, size 0x39 fully unreadable
[0910/224327:WARNING:in_range_cast.h(38)] value 245575194640 out of range
[0910/224327:WARNING:in_range_cast.h(38)] value 245575191974 out of range
[0910/224327:WARNING:in_range_cast.h(38)] value 245575194708 out of range
[0910/230303:ERROR:process_info.cc(608)] range at 0x23b737bc00000000, size 0xea fully unreadable
[0910/230303:ERROR:process_info.cc(608)] range at 0x23b7381c00000000, size 0xea fully unreadable
[0910/230303:ERROR:process_info.cc(608)] range at 0x0, size 0xea fully unreadable
[0910/230303:WARNING:in_range_cast.h(38)] value 1005621549072 out of range
[0910/230303:WARNING:in_range_cast.h(38)] value 1005621546406 out of range
[0910/230303:WARNING:in_range_cast.h(38)] value 1005621549140 out of range
[0911/013733:ERROR:process_info.cc(608)] range at 0xd0e437ba00000000, size 0x8f fully unreadable
[0911/013733:ERROR:process_info.cc(608)] range at 0xd0e4381a00000000, size 0x8f fully unreadable
[0911/013733:ERROR:process_info.cc(608)] range at 0x0, size 0x8f fully unreadable
[0911/013734:WARNING:in_range_cast.h(38)] value 617684932624 out of range
[0911/013734:WARNING:in_range_cast.h(38)] value 617684929958 out of range
[0911/013734:WARNING:in_range_cast.h(38)] value 617684932692 out of range
[0911/013734:ERROR:process_info.cc(608)] range at 0x8d7e379200000000, size 0x26 fully unreadable
[0911/013734:ERROR:process_info.cc(608)] range at 0x8d7e37f200000000, size 0x26 fully unreadable
[0911/013734:ERROR:process_info.cc(608)] range at 0x0, size 0x26 fully unreadable
[0911/013734:WARNING:in_range_cast.h(38)] value 165582608400 out of range
[0911/013734:WARNING:in_range_cast.h(38)] value 165582605734 out of range
[0911/013734:WARNING:in_range_cast.h(38)] value 165582608468 out of range
[0911/014217:ERROR:process_info.cc(608)] range at 0x7b35379800000000, size 0x85 fully unreadable
[0911/014217:ERROR:process_info.cc(608)] range at 0x7b3537f800000000, size 0x85 fully unreadable
[0911/014217:ERROR:process_info.cc(608)] range at 0x0, size 0x85 fully unreadable
[0911/014217:WARNING:in_range_cast.h(38)] value 573297727504 out of range
[0911/014217:WARNING:in_range_cast.h(38)] value 573297724838 out of range
[0911/014217:WARNING:in_range_cast.h(38)] value 573297727572 out of range
[0911/014325:ERROR:process_info.cc(608)] range at 0x8abb387200000000, size 0xdd fully unreadable
[0911/014325:ERROR:process_info.cc(608)] range at 0x8abb38d200000000, size 0xdd fully unreadable
[0911/014325:ERROR:process_info.cc(608)] range at 0x0, size 0xdd fully unreadable
[0911/014325:WARNING:in_range_cast.h(38)] value 951515289616 out of range
[0911/014325:WARNING:in_range_cast.h(38)] value 951515286950 out of range
[0911/014325:WARNING:in_range_cast.h(38)] value 951515289684 out of range
[0911/161020:ERROR:process_info.cc(608)] range at 0x2fea374e00000000, size 0x4b fully unreadable
[0911/161020:ERROR:process_info.cc(608)] range at 0x2fea37b400000000, size 0x4b fully unreadable
[0911/161020:ERROR:process_info.cc(608)] range at 0x0, size 0x4b fully unreadable
[0911/161020:WARNING:in_range_cast.h(38)] value 322926417936 out of range
[0911/161020:WARNING:in_range_cast.h(38)] value 322926415270 out of range
[0911/161020:WARNING:in_range_cast.h(38)] value 322926418004 out of range
[0913/205030:ERROR:process_info.cc(608)] range at 0x7e72372600000000, size 0xf8 fully unreadable
[0913/205030:ERROR:process_info.cc(608)] range at 0x7e72378800000000, size 0xf8 fully unreadable
[0913/205030:ERROR:process_info.cc(608)] range at 0x0, size 0xf8 fully unreadable
[0913/205030:WARNING:in_range_cast.h(38)] value 1067273295890 out of range
[0913/205030:WARNING:in_range_cast.h(38)] value 1067273293224 out of range
[0913/205030:WARNING:in_range_cast.h(38)] value 1067273295958 out of range
